***** File info *****
Company : [NoteWorthy ArtWare]
Product : [NoteWorthy Composer]
Version : 1.75
Name 1 : N/A
Name 2 : Srej
Title : Crescent city
Author : YBBB
Copyright 1 : Written by LaCoke Pour La Grasse Bande
Copyright 2 : Copyright © 2006 All Rights Reserved
Comment : 
Measure start : 1
Margins : 0.50000000 0.30000001 0.30000001 0.50000000

***** Fonts *****
***** Font *****
Family : Times New Roman
Style : 3587
***** End fonts *****
***** Font *****
Family : Times New Roman
Style : 3073
***** End fonts *****
***** Font *****
Family : Times New Roman
Style : 1792
***** End fonts *****
***** Font *****
Family : Times New Roman
Style : 6145
***** End fonts *****
***** Font *****
Family : Times New Roman
Style : 3072
***** End fonts *****
***** Font *****
Family : Times New Roman
Style : 2048
***** End fonts *****
***** Font *****
Family : Times New Roman
Style : 2048
***** End fonts *****
***** Font *****
Family : Times New Roman
Style : 2048
***** End fonts *****
***** Font *****
Family : Times New Roman
Style : 2048
***** End fonts *****
***** Font *****
Family : Times New Roman
Style : 2048
***** End fonts *****
***** Font *****
Family : Times New Roman
Style : 2048
***** End fonts *****
***** Font *****
Family : Times New Roman
Style : 2048
***** End fonts *****
***** End fonts *****
***** Staves *****
***** End staves *****

